<?xml version="1.0" encoding="UTF-8"?>
<testng-results ignored="0" total="2" passed="2" failed="0" skipped="0">
  <reporter-output>
  </reporter-output>
  <suite started-at="2019-05-19T23:41:45Z" name="Suite" finished-at="2019-05-19T23:42:29Z" duration-ms="43724">
    <groups>
    </groups>
    <test started-at="2019-05-19T23:41:45Z" name="OnlineTest" finished-at="2019-05-19T23:42:29Z" duration-ms="43724">
      <class name="OnlineCarRegTest.ReadExcelData">
        <test-method signature="dvla()[pri:0, instance:OnlineCarRegTest.ReadExcelData@3eeb318f]" started-at="2019-05-19T23:41:45Z" name="dvla" finished-at="2019-05-19T23:42:29Z" duration-ms="43638" status="PASS">
          <reporter-output>
          </reporter-output>
        </test-method> <!-- dvla -->
        <test-method signature="readExcelProperties()[pri:0, instance:OnlineCarRegTest.ReadExcelData@3eeb318f]" started-at="2019-05-19T23:42:29Z" name="readExcelProperties" finished-at="2019-05-19T23:42:29Z" duration-ms="14" status="PASS">
          <reporter-output>
          </reporter-output>
        </test-method> <!-- readExcelProperties -->
      </class> <!-- OnlineCarRegTest.ReadExcelData -->
    </test> <!-- OnlineTest -->
  </suite> <!-- Suite -->
</testng-results>
