<?xml version="1.0" encoding="UTF-8"?>
<testng-results ignored="0" total="2" passed="2" failed="0" skipped="0">
  <reporter-output>
  </reporter-output>
  <suite started-at="2019-05-18T02:16:11Z" name="Default suite" finished-at="2019-05-18T02:17:36Z" duration-ms="84106">
    <groups>
    </groups>
    <test started-at="2019-05-18T02:16:11Z" name="Default test" finished-at="2019-05-18T02:17:36Z" duration-ms="84106">
      <class name="OnlineCarRegTest.ReadExcelData">
        <test-method signature="dvla()[pri:0, instance:OnlineCarRegTest.ReadExcelData@18025ced]" started-at="2019-05-18T02:16:12Z" name="dvla" finished-at="2019-05-18T02:17:35Z" duration-ms="83829" status="PASS">
          <reporter-output>
          </reporter-output>
        </test-method> <!-- dvla -->
        <test-method signature="readExcelProperties()[pri:0, instance:OnlineCarRegTest.ReadExcelData@18025ced]" started-at="2019-05-18T02:17:35Z" name="readExcelProperties" finished-at="2019-05-18T02:17:36Z" duration-ms="188" status="PASS">
          <reporter-output>
          </reporter-output>
        </test-method> <!-- readExcelProperties -->
      </class> <!-- OnlineCarRegTest.ReadExcelData -->
    </test> <!-- Default test -->
  </suite> <!-- Default suite -->
</testng-results>
